<?xml version="1.0" encoding="UTF-8"?>
<testng-results ignored="0" total="2" passed="2" failed="0" skipped="0">
  <reporter-output>
  </reporter-output>
  <suite started-at="2025-12-30T16:40:47 IST" name="Master Suite" finished-at="2025-12-30T16:41:11 IST" duration-ms="23472">
    <groups>
    </groups>
    <test started-at="2025-12-30T16:40:47 IST" name="Test" finished-at="2025-12-30T16:41:11 IST" duration-ms="23472">
      <class name="testCases.TC003_LoginTest">
        <test-method is-config="true" signature="setup(java.lang.String,java.lang.String)[pri:0, instance:testCases.TC003_LoginTest@4e31276e]" started-at="2025-12-30T16:41:01 IST" name="setup" finished-at="2025-12-30T16:41:08 IST" duration-ms="7081" status="PASS">
          <params>
            <param index="0">
              <value>
                <![CDATA[Linux]]>
              </value>
            </param>
            <param index="1">
              <value>
                <![CDATA[chrome]]>
              </value>
            </param>
          </params>
          <reporter-output>
          </reporter-output>
        </test-method> <!-- setup -->
        <test-method signature="verify_Login()[pri:0, instance:testCases.TC003_LoginTest@4e31276e]" started-at="2025-12-30T16:41:08 IST" name="verify_Login" finished-at="2025-12-30T16:41:10 IST" duration-ms="2405" status="PASS">
          <reporter-output>
          </reporter-output>
        </test-method> <!-- verify_Login -->
        <test-method is-config="true" signature="tearDown()[pri:0, instance:testCases.TC003_LoginTest@4e31276e]" started-at="2025-12-30T16:41:10 IST" name="tearDown" finished-at="2025-12-30T16:41:11 IST" duration-ms="84" status="PASS">
          <reporter-output>
          </reporter-output>
        </test-method> <!-- tearDown -->
      </class> <!-- testCases.TC003_LoginTest -->
      <class name="testCases.TC002_AccountRegistrationTest">
        <test-method is-config="true" signature="setup(java.lang.String,java.lang.String)[pri:0, instance:testCases.TC002_AccountRegistrationTest@4b7dc788]" started-at="2025-12-30T16:40:47 IST" name="setup" finished-at="2025-12-30T16:40:57 IST" duration-ms="9381" status="PASS">
          <params>
            <param index="0">
              <value>
                <![CDATA[Linux]]>
              </value>
            </param>
            <param index="1">
              <value>
                <![CDATA[chrome]]>
              </value>
            </param>
          </params>
          <reporter-output>
          </reporter-output>
        </test-method> <!-- setup -->
        <test-method signature="verify_account_registration()[pri:0, instance:testCases.TC002_AccountRegistrationTest@4b7dc788]" started-at="2025-12-30T16:40:57 IST" name="verify_account_registration" finished-at="2025-12-30T16:41:01 IST" duration-ms="4257" status="PASS">
          <reporter-output>
          </reporter-output>
        </test-method> <!-- verify_account_registration -->
        <test-method is-config="true" signature="tearDown()[pri:0, instance:testCases.TC002_AccountRegistrationTest@4b7dc788]" started-at="2025-12-30T16:41:01 IST" name="tearDown" finished-at="2025-12-30T16:41:01 IST" duration-ms="84" status="PASS">
          <reporter-output>
          </reporter-output>
        </test-method> <!-- tearDown -->
      </class> <!-- testCases.TC002_AccountRegistrationTest -->
    </test> <!-- Test -->
  </suite> <!-- Master Suite -->
</testng-results>
