<?xml version="1.0" encoding="UTF-8"?>
<!-- Generated by org.testng.reporters.JUnitReportReporter -->
<testsuite hostname="Mitalis-MacBook-Air.local" failures="0" tests="5" name="testCases.TC004_LoginDDT" time="66.985" errors="0" timestamp="2025-12-28T16:54:45 IST" skipped="0">
  <testcase classname="testCases.TC004_LoginDDT" name="verify_LoginDDT" time="1.971"/>
  <testcase classname="testCases.TC004_LoginDDT" name="verify_LoginDDT" time="30.406"/>
  <testcase classname="testCases.TC004_LoginDDT" name="verify_LoginDDT" time="1.886"/>
  <testcase classname="testCases.TC004_LoginDDT" name="verify_LoginDDT" time="30.582"/>
  <testcase classname="testCases.TC004_LoginDDT" name="verify_LoginDDT" time="2.140"/>
</testsuite> <!-- testCases.TC004_LoginDDT -->
